[2025-08-22 12:32:38] Storing files in experiments/Join_fusion/2025-08-22_12-32-08_fd254bd27f2511f088843cecefb1a652
[2025-08-22 12:32:38] batch_size: 16
[2025-08-22 12:32:38] data_args:
[2025-08-22 12:32:38]   mode: stratified
[2025-08-22 12:32:38] early_stop: 8
[2025-08-22 12:32:38] epochs: 30
[2025-08-22 12:32:38] label: /home/ananth/Audio_Search/extracted_files_1.tsv
[2025-08-22 12:32:38] loss_ce: CELoss
[2025-08-22 12:32:38] loss_sed: BCELoss
[2025-08-22 12:32:38] lr_: 5.0e-05
[2025-08-22 12:32:38] model: Join_fusion
[2025-08-22 12:32:38] model_args:
[2025-08-22 12:32:38]   temppool: linear
[2025-08-22 12:32:38] num_workers: 4
[2025-08-22 12:32:38] optimizer: AdamW
[2025-08-22 12:32:38] optimizer_args:
[2025-08-22 12:32:38]   lr: 0.0001
[2025-08-22 12:32:38] outputpath: experiments
[2025-08-22 12:32:38] postprocessing: median
[2025-08-22 12:32:38] sampler: MinimumOccupancySampler
[2025-08-22 12:32:38] save: one
[2025-08-22 12:32:38] scale: 2
[2025-08-22 12:32:38] scheduler_args:
[2025-08-22 12:32:38]   factor: 0.1
[2025-08-22 12:32:38]   patience: 3
[2025-08-22 12:32:38] shuffle: false
[2025-08-22 12:32:38] spk_emb_file_path: /home/ananth/Audio_Search/query_embeddings.txt
[2025-08-22 12:32:38] test_data: /home/ananth/Audio_Search/testing_1.h5
[2025-08-22 12:32:38] train_data: /home/ananth/Audio_Search/training.h5
[2025-08-22 12:32:38] transforms:
[2025-08-22 12:32:38] - freqmask
[2025-08-22 12:32:38] - timemask
[2025-08-22 12:32:38] - shift
[2025-08-22 12:32:38] 
[2025-08-22 12:32:38] Running on device cuda
[2025-08-22 12:32:38] Transforms:
[2025-08-22 12:32:38] Sequential(
[2025-08-22 12:32:38]   (0): FreqMask()
[2025-08-22 12:32:38]   (1): TimeMask()
[2025-08-22 12:32:38]   (2): TimeShift()
[2025-08-22 12:32:38] )
[2025-08-22 12:32:38] Using Sampler {'shuffle': True}
