[2025-08-20 14:43:25] Storing files in experiments/Join_fusion/2025-08-20_14-43-08_ed355e0a7da511f095693cecefb1a652
[2025-08-20 14:43:25] batch_size: 16
[2025-08-20 14:43:25] data_args:
[2025-08-20 14:43:25]   mode: stratified
[2025-08-20 14:43:25] early_stop: 8
[2025-08-20 14:43:25] epochs: 30
[2025-08-20 14:43:25] label: /home/ananth/Audio_Search/extracted_files_1.tsv
[2025-08-20 14:43:25] loss_ce: CELoss
[2025-08-20 14:43:25] loss_sed: BCELoss
[2025-08-20 14:43:25] lr_: 5.0e-05
[2025-08-20 14:43:25] model: Join_fusion
[2025-08-20 14:43:25] model_args:
[2025-08-20 14:43:25]   temppool: linear
[2025-08-20 14:43:25] num_workers: 4
[2025-08-20 14:43:25] optimizer: AdamW
[2025-08-20 14:43:25] optimizer_args:
[2025-08-20 14:43:25]   lr: 0.0001
[2025-08-20 14:43:25] outputpath: experiments
[2025-08-20 14:43:25] postprocessing: median
[2025-08-20 14:43:25] sampler: MinimumOccupancySampler
[2025-08-20 14:43:25] save: one
[2025-08-20 14:43:25] scale: 2
[2025-08-20 14:43:25] scheduler_args:
[2025-08-20 14:43:25]   factor: 0.1
[2025-08-20 14:43:25]   patience: 3
[2025-08-20 14:43:25] shuffle: false
[2025-08-20 14:43:25] spk_emb_file_path: /home/ananth/Audio_Search/query_embeddings.txt
[2025-08-20 14:43:25] test_data: /home/ananth/Audio_Search/testing_1.h5
[2025-08-20 14:43:25] train_data: /home/ananth/Audio_Search/training.h5
[2025-08-20 14:43:25] transforms:
[2025-08-20 14:43:25] - freqmask
[2025-08-20 14:43:25] - timemask
[2025-08-20 14:43:25] - shift
[2025-08-20 14:43:25] 
[2025-08-20 14:43:25] Running on device cuda
[2025-08-20 14:43:25] Transforms:
[2025-08-20 14:43:25] Sequential(
[2025-08-20 14:43:25]   (0): FreqMask()
[2025-08-20 14:43:25]   (1): TimeMask()
[2025-08-20 14:43:25]   (2): TimeShift()
[2025-08-20 14:43:25] )
[2025-08-20 14:43:25] Using Sampler {'shuffle': True}
