[2025-08-20 16:11:51] Storing files in experiments/Join_fusion/2025-08-20_16-11-08_47eb30a27db211f0924e3cecefb1a652
[2025-08-20 16:11:51] batch_size: 16
[2025-08-20 16:11:51] data_args:
[2025-08-20 16:11:51]   mode: stratified
[2025-08-20 16:11:51] early_stop: 8
[2025-08-20 16:11:51] epochs: 30
[2025-08-20 16:11:51] label: /home/ananth/Audio_Search/extracted_files_1.tsv
[2025-08-20 16:11:51] loss_ce: CELoss
[2025-08-20 16:11:51] loss_sed: BCELoss
[2025-08-20 16:11:51] lr_: 5.0e-05
[2025-08-20 16:11:51] model: Join_fusion
[2025-08-20 16:11:51] model_args:
[2025-08-20 16:11:51]   temppool: linear
[2025-08-20 16:11:51] num_workers: 4
[2025-08-20 16:11:51] optimizer: AdamW
[2025-08-20 16:11:51] optimizer_args:
[2025-08-20 16:11:51]   lr: 0.0001
[2025-08-20 16:11:51] outputpath: experiments
[2025-08-20 16:11:51] postprocessing: median
[2025-08-20 16:11:51] sampler: MinimumOccupancySampler
[2025-08-20 16:11:51] save: one
[2025-08-20 16:11:51] scale: 2
[2025-08-20 16:11:51] scheduler_args:
[2025-08-20 16:11:51]   factor: 0.1
[2025-08-20 16:11:51]   patience: 3
[2025-08-20 16:11:51] shuffle: false
[2025-08-20 16:11:51] spk_emb_file_path: /home/ananth/Audio_Search/query_embeddings.txt
[2025-08-20 16:11:51] test_data: /home/ananth/Audio_Search/testing_1.h5
[2025-08-20 16:11:51] train_data: /home/ananth/Audio_Search/training.h5
[2025-08-20 16:11:51] transforms:
[2025-08-20 16:11:51] - freqmask
[2025-08-20 16:11:51] - timemask
[2025-08-20 16:11:51] - shift
[2025-08-20 16:11:51] 
[2025-08-20 16:11:51] Running on device cuda
[2025-08-20 16:11:51] Transforms:
[2025-08-20 16:11:51] Sequential(
[2025-08-20 16:11:51]   (0): FreqMask()
[2025-08-20 16:11:51]   (1): TimeMask()
[2025-08-20 16:11:51]   (2): TimeShift()
[2025-08-20 16:11:51] )
[2025-08-20 16:11:51] Using Sampler {'shuffle': True}
