[2025-08-22 12:04:57] Storing files in experiments/Join_fusion/2025-08-22_12-04-08_1f4a257e7f2211f097153cecefb1a652
[2025-08-22 12:04:57] batch_size: 16
[2025-08-22 12:04:57] data_args:
[2025-08-22 12:04:57]   mode: stratified
[2025-08-22 12:04:57] early_stop: 8
[2025-08-22 12:04:57] epochs: 30
[2025-08-22 12:04:57] label: /home/ananth/Audio_Search/extracted_files_1.tsv
[2025-08-22 12:04:57] loss_ce: CELoss
[2025-08-22 12:04:57] loss_sed: BCELoss
[2025-08-22 12:04:57] lr_: 5.0e-05
[2025-08-22 12:04:57] model: Join_fusion
[2025-08-22 12:04:57] model_args:
[2025-08-22 12:04:57]   temppool: linear
[2025-08-22 12:04:57] num_workers: 4
[2025-08-22 12:04:57] optimizer: AdamW
[2025-08-22 12:04:57] optimizer_args:
[2025-08-22 12:04:57]   lr: 0.0001
[2025-08-22 12:04:57] outputpath: experiments
[2025-08-22 12:04:57] postprocessing: median
[2025-08-22 12:04:57] sampler: MinimumOccupancySampler
[2025-08-22 12:04:57] save: one
[2025-08-22 12:04:57] scale: 2
[2025-08-22 12:04:57] scheduler_args:
[2025-08-22 12:04:57]   factor: 0.1
[2025-08-22 12:04:57]   patience: 3
[2025-08-22 12:04:57] shuffle: false
[2025-08-22 12:04:57] spk_emb_file_path: /home/ananth/Audio_Search/query_embeddings.txt
[2025-08-22 12:04:57] test_data: /home/ananth/Audio_Search/testing_1.h5
[2025-08-22 12:04:57] train_data: /home/ananth/Audio_Search/training.h5
[2025-08-22 12:04:57] transforms:
[2025-08-22 12:04:57] - freqmask
[2025-08-22 12:04:57] - timemask
[2025-08-22 12:04:57] - shift
[2025-08-22 12:04:57] 
[2025-08-22 12:04:57] Running on device cuda
[2025-08-22 12:04:57] Transforms:
[2025-08-22 12:04:57] Sequential(
[2025-08-22 12:04:57]   (0): FreqMask()
[2025-08-22 12:04:57]   (1): TimeMask()
[2025-08-22 12:04:57]   (2): TimeShift()
[2025-08-22 12:04:57] )
[2025-08-22 12:04:57] Using Sampler {'shuffle': True}
