[2025-08-20 14:46:19] Storing files in experiments/Join_fusion/2025-08-20_14-46-08_54daba6e7da611f095713cecefb1a652
[2025-08-20 14:46:19] batch_size: 16
[2025-08-20 14:46:19] data_args:
[2025-08-20 14:46:19]   mode: stratified
[2025-08-20 14:46:19] early_stop: 8
[2025-08-20 14:46:19] epochs: 30
[2025-08-20 14:46:19] label: /home/ananth/Audio_Search/extracted_files_1.tsv
[2025-08-20 14:46:19] loss_ce: CELoss
[2025-08-20 14:46:19] loss_sed: BCELoss
[2025-08-20 14:46:19] lr_: 5.0e-05
[2025-08-20 14:46:19] model: Join_fusion
[2025-08-20 14:46:19] model_args:
[2025-08-20 14:46:19]   temppool: linear
[2025-08-20 14:46:19] num_workers: 4
[2025-08-20 14:46:19] optimizer: AdamW
[2025-08-20 14:46:19] optimizer_args:
[2025-08-20 14:46:19]   lr: 0.0001
[2025-08-20 14:46:19] outputpath: experiments
[2025-08-20 14:46:19] postprocessing: median
[2025-08-20 14:46:19] sampler: MinimumOccupancySampler
[2025-08-20 14:46:19] save: one
[2025-08-20 14:46:19] scale: 2
[2025-08-20 14:46:19] scheduler_args:
[2025-08-20 14:46:19]   factor: 0.1
[2025-08-20 14:46:19]   patience: 3
[2025-08-20 14:46:19] shuffle: false
[2025-08-20 14:46:19] spk_emb_file_path: /home/ananth/Audio_Search/query_embeddings.txt
[2025-08-20 14:46:19] test_data: /home/ananth/Audio_Search/testing_1.h5
[2025-08-20 14:46:19] train_data: /home/ananth/Audio_Search/training.h5
[2025-08-20 14:46:19] transforms:
[2025-08-20 14:46:19] - freqmask
[2025-08-20 14:46:19] - timemask
[2025-08-20 14:46:19] - shift
[2025-08-20 14:46:19] 
[2025-08-20 14:46:19] Running on device cuda
[2025-08-20 14:46:19] Transforms:
[2025-08-20 14:46:19] Sequential(
[2025-08-20 14:46:19]   (0): FreqMask()
[2025-08-20 14:46:19]   (1): TimeMask()
[2025-08-20 14:46:19]   (2): TimeShift()
[2025-08-20 14:46:19] )
[2025-08-20 14:46:19] Using Sampler {'shuffle': True}
[2025-08-20 14:51:03] AdamW (
[2025-08-20 14:51:03] Parameter Group 0
[2025-08-20 14:51:03]     amsgrad: False
[2025-08-20 14:51:03]     betas: (0.9, 0.999)
[2025-08-20 14:51:03]     capturable: False
[2025-08-20 14:51:03]     differentiable: False
[2025-08-20 14:51:03]     eps: 1e-08
[2025-08-20 14:51:03]     foreach: None
[2025-08-20 14:51:03]     fused: None
[2025-08-20 14:51:03]     lr: 0.0001
[2025-08-20 14:51:03]     maximize: False
[2025-08-20 14:51:03]     weight_decay: 0.01
[2025-08-20 14:51:03] )
[2025-08-20 14:51:04] Join_fusion(
[2025-08-20 14:51:04]   (detection): CDur_fusion(
[2025-08-20 14:51:04]     (gru): GRU(2048, 768, batch_first=True, bidirectional=True)
[2025-08-20 14:51:04]     (fusion): Fusion(
[2025-08-20 14:51:04]       (fuse_layer1): conv1d(
[2025-08-20 14:51:04]         (conv): Conv1d(2048, 8192, kernel_size=(1,), stride=(1,))
[2025-08-20 14:51:04]         (act): ReLU()
[2025-08-20 14:51:04]       )
[2025-08-20 14:51:04]       (fuse_layer2): conv1d(
[2025-08-20 14:51:04]         (conv): Conv1d(2048, 8192, kernel_size=(1,), stride=(1,))
[2025-08-20 14:51:04]         (act): ReLU()
[2025-08-20 14:51:04]       )
[2025-08-20 14:51:04]       (avg_pool): AvgPool1d(kernel_size=(4,), stride=(4,), padding=(0,))
[2025-08-20 14:51:04]     )
[2025-08-20 14:51:04]     (fc): Linear(in_features=1536, out_features=1536, bias=True)
[2025-08-20 14:51:04]     (outputlayer): Linear(in_features=1536, out_features=2, bias=True)
[2025-08-20 14:51:04]   )
[2025-08-20 14:51:04]   (AudioEncoder): Cnn14(
[2025-08-20 14:51:04]     (spectrogram_extractor): Spectrogram(
[2025-08-20 14:51:04]       (stft): STFT(
[2025-08-20 14:51:04]         (conv_real): Conv1d(1, 513, kernel_size=(1024,), stride=(320,), bias=False)
[2025-08-20 14:51:04]         (conv_imag): Conv1d(1, 513, kernel_size=(1024,), stride=(320,), bias=False)
[2025-08-20 14:51:04]       )
[2025-08-20 14:51:04]     )
[2025-08-20 14:51:04]     (logmel_extractor): LogmelFilterBank()
[2025-08-20 14:51:04]     (spec_augmenter): SpecAugmentation(
[2025-08-20 14:51:04]       (time_dropper): DropStripes()
[2025-08-20 14:51:04]       (freq_dropper): DropStripes()
[2025-08-20 14:51:04]     )
[2025-08-20 14:51:04]     (bn0): BatchNorm2d(64, eps=1e-05, momentum=0.1, affine=True, track_running_stats=True)
[2025-08-20 14:51:04]     (conv_block1): ConvBlock(
[2025-08-20 14:51:04]       (conv1): Conv2d(1, 64, kernel_size=(3, 3), stride=(1, 1), padding=(1, 1), bias=False)
[2025-08-20 14:51:04]       (conv2): Conv2d(64, 64, kernel_size=(3, 3), stride=(1, 1), padding=(1, 1), bias=False)
[2025-08-20 14:51:04]       (bn1): BatchNorm2d(64, eps=1e-05, momentum=0.1, affine=True, track_running_stats=True)
[2025-08-20 14:51:04]       (bn2): BatchNorm2d(64, eps=1e-05, momentum=0.1, affine=True, track_running_stats=True)
[2025-08-20 14:51:04]     )
[2025-08-20 14:51:04]     (conv_block2): ConvBlock(
[2025-08-20 14:51:04]       (conv1): Conv2d(64, 128, kernel_size=(3, 3), stride=(1, 1), padding=(1, 1), bias=False)
[2025-08-20 14:51:04]       (conv2): Conv2d(128, 128, kernel_size=(3, 3), stride=(1, 1), padding=(1, 1), bias=False)
[2025-08-20 14:51:04]       (bn1): BatchNorm2d(128, eps=1e-05, momentum=0.1, affine=True, track_running_stats=True)
[2025-08-20 14:51:04]       (bn2): BatchNorm2d(128, eps=1e-05, momentum=0.1, affine=True, track_running_stats=True)
[2025-08-20 14:51:04]     )
[2025-08-20 14:51:04]     (conv_block3): ConvBlock(
[2025-08-20 14:51:04]       (conv1): Conv2d(128, 256, kernel_size=(3, 3), stride=(1, 1), padding=(1, 1), bias=False)
[2025-08-20 14:51:04]       (conv2): Conv2d(256, 256, kernel_size=(3, 3), stride=(1, 1), padding=(1, 1), bias=False)
[2025-08-20 14:51:04]       (bn1): BatchNorm2d(256, eps=1e-05, momentum=0.1, affine=True, track_running_stats=True)
[2025-08-20 14:51:04]       (bn2): BatchNorm2d(256, eps=1e-05, momentum=0.1, affine=True, track_running_stats=True)
[2025-08-20 14:51:04]     )
[2025-08-20 14:51:04]     (conv_block4): ConvBlock(
[2025-08-20 14:51:04]       (conv1): Conv2d(256, 512, kernel_size=(3, 3), stride=(1, 1), padding=(1, 1), bias=False)
[2025-08-20 14:51:04]       (conv2): Conv2d(512, 512, kernel_size=(3, 3), stride=(1, 1), padding=(1, 1), bias=False)
[2025-08-20 14:51:04]       (bn1): BatchNorm2d(512, eps=1e-05, momentum=0.1, affine=True, track_running_stats=True)
[2025-08-20 14:51:04]       (bn2): BatchNorm2d(512, eps=1e-05, momentum=0.1, affine=True, track_running_stats=True)
[2025-08-20 14:51:04]     )
[2025-08-20 14:51:04]     (conv_block5): ConvBlock(
[2025-08-20 14:51:04]       (conv1): Conv2d(512, 1024, kernel_size=(3, 3), stride=(1, 1), padding=(1, 1), bias=False)
[2025-08-20 14:51:04]       (conv2): Conv2d(1024, 1024, kernel_size=(3, 3), stride=(1, 1), padding=(1, 1), bias=False)
[2025-08-20 14:51:04]       (bn1): BatchNorm2d(1024, eps=1e-05, momentum=0.1, affine=True, track_running_stats=True)
[2025-08-20 14:51:04]       (bn2): BatchNorm2d(1024, eps=1e-05, momentum=0.1, affine=True, track_running_stats=True)
[2025-08-20 14:51:04]     )
[2025-08-20 14:51:04]     (conv_block6): ConvBlock(
[2025-08-20 14:51:04]       (conv1): Conv2d(1024, 2048, kernel_size=(3, 3), stride=(1, 1), padding=(1, 1), bias=False)
[2025-08-20 14:51:04]       (conv2): Conv2d(2048, 2048, kernel_size=(3, 3), stride=(1, 1), padding=(1, 1), bias=False)
[2025-08-20 14:51:04]       (bn1): BatchNorm2d(2048, eps=1e-05, momentum=0.1, affine=True, track_running_stats=True)
[2025-08-20 14:51:04]       (bn2): BatchNorm2d(2048, eps=1e-05, momentum=0.1, affine=True, track_running_stats=True)
[2025-08-20 14:51:04]     )
[2025-08-20 14:51:04]     (fc1): Linear(in_features=2048, out_features=2048, bias=True)
[2025-08-20 14:51:04]     (fc_audioset): Linear(in_features=2048, out_features=527, bias=True)
[2025-08-20 14:51:04]   )
[2025-08-20 14:51:04] )
[2025-08-20 14:51:04] Using 3 GPUs!
