[2025-08-20 15:06:08] Storing files in experiments/Join_fusion/2025-08-20_15-06-08_19cb6d307da911f085223cecefb1a652
[2025-08-20 15:06:08] batch_size: 16
[2025-08-20 15:06:08] data_args:
[2025-08-20 15:06:08]   mode: stratified
[2025-08-20 15:06:08] early_stop: 8
[2025-08-20 15:06:08] epochs: 30
[2025-08-20 15:06:08] label: /home/ananth/Audio_Search/extracted_files_1.tsv
[2025-08-20 15:06:08] loss_ce: CELoss
[2025-08-20 15:06:08] loss_sed: BCELoss
[2025-08-20 15:06:08] lr_: 5.0e-05
[2025-08-20 15:06:08] model: Join_fusion
[2025-08-20 15:06:08] model_args:
[2025-08-20 15:06:08]   temppool: linear
[2025-08-20 15:06:08] num_workers: 4
[2025-08-20 15:06:08] optimizer: AdamW
[2025-08-20 15:06:08] optimizer_args:
[2025-08-20 15:06:08]   lr: 0.0001
[2025-08-20 15:06:08] outputpath: experiments
[2025-08-20 15:06:08] postprocessing: median
[2025-08-20 15:06:08] sampler: MinimumOccupancySampler
[2025-08-20 15:06:08] save: one
[2025-08-20 15:06:08] scale: 2
[2025-08-20 15:06:08] scheduler_args:
[2025-08-20 15:06:08]   factor: 0.1
[2025-08-20 15:06:08]   patience: 3
[2025-08-20 15:06:08] shuffle: false
[2025-08-20 15:06:08] spk_emb_file_path: /home/ananth/Audio_Search/query_embeddings.txt
[2025-08-20 15:06:08] test_data: /home/ananth/Audio_Search/testing_1.h5
[2025-08-20 15:06:08] train_data: /home/ananth/Audio_Search/training.h5
[2025-08-20 15:06:08] transforms:
[2025-08-20 15:06:08] - freqmask
[2025-08-20 15:06:08] - timemask
[2025-08-20 15:06:08] - shift
[2025-08-20 15:06:08] 
[2025-08-20 15:06:08] Running on device cuda
[2025-08-20 15:06:08] Transforms:
[2025-08-20 15:06:08] Sequential(
[2025-08-20 15:06:08]   (0): FreqMask()
[2025-08-20 15:06:08]   (1): TimeMask()
[2025-08-20 15:06:08]   (2): TimeShift()
[2025-08-20 15:06:08] )
[2025-08-20 15:06:08] Using Sampler {'shuffle': True}
