[2025-08-22 12:13:07] Storing files in experiments/Join_fusion/2025-08-22_12-13-08_434a4e267f2311f081e53cecefb1a652
[2025-08-22 12:13:07] batch_size: 16
[2025-08-22 12:13:07] data_args:
[2025-08-22 12:13:07]   mode: stratified
[2025-08-22 12:13:07] early_stop: 8
[2025-08-22 12:13:07] epochs: 30
[2025-08-22 12:13:07] label: /home/ananth/Audio_Search/extracted_files_1.tsv
[2025-08-22 12:13:07] loss_ce: CELoss
[2025-08-22 12:13:07] loss_sed: BCELoss
[2025-08-22 12:13:07] lr_: 5.0e-05
[2025-08-22 12:13:07] model: Join_fusion
[2025-08-22 12:13:07] model_args:
[2025-08-22 12:13:07]   temppool: linear
[2025-08-22 12:13:07] num_workers: 4
[2025-08-22 12:13:07] optimizer: AdamW
[2025-08-22 12:13:07] optimizer_args:
[2025-08-22 12:13:07]   lr: 0.0001
[2025-08-22 12:13:07] outputpath: experiments
[2025-08-22 12:13:07] postprocessing: median
[2025-08-22 12:13:07] sampler: MinimumOccupancySampler
[2025-08-22 12:13:07] save: one
[2025-08-22 12:13:07] scale: 2
[2025-08-22 12:13:07] scheduler_args:
[2025-08-22 12:13:07]   factor: 0.1
[2025-08-22 12:13:07]   patience: 3
[2025-08-22 12:13:07] shuffle: false
[2025-08-22 12:13:07] spk_emb_file_path: /home/ananth/Audio_Search/query_embeddings.txt
[2025-08-22 12:13:07] test_data: /home/ananth/Audio_Search/testing_1.h5
[2025-08-22 12:13:07] train_data: /home/ananth/Audio_Search/training.h5
[2025-08-22 12:13:07] transforms:
[2025-08-22 12:13:07] - freqmask
[2025-08-22 12:13:07] - timemask
[2025-08-22 12:13:07] - shift
[2025-08-22 12:13:07] 
[2025-08-22 12:13:07] Running on device cuda
[2025-08-22 12:13:07] Transforms:
[2025-08-22 12:13:07] Sequential(
[2025-08-22 12:13:07]   (0): FreqMask()
[2025-08-22 12:13:07]   (1): TimeMask()
[2025-08-22 12:13:07]   (2): TimeShift()
[2025-08-22 12:13:07] )
[2025-08-22 12:13:07] Using Sampler {'shuffle': True}
